<?xml version="1.0" encoding="UTF-8"?>
<testsuite xmlns:xsi="http://www.w3.org/2001/XMLSchema-instance" xsi:noNamespaceSchemaLocation="https://maven.apache.org/surefire/maven-surefire-plugin/xsd/surefire-test-report-3.0.xsd" version="3.0" name="TestSuite" time="29.824" tests="3" errors="0" skipped="0" failures="0">
  <properties>
    <property name="gopherProxySet" value="false"/>
    <property name="awt.toolkit" value="sun.lwawt.macosx.LWCToolkit"/>
    <property name="java.specification.version" value="11"/>
    <property name="webdriver.chrome.driver" value="/Users/sumitagnihotri/.cache/selenium/chromedriver/mac64/94.0.4606.61/chromedriver"/>
    <property name="sun.cpu.isalist" value=""/>
    <property name="sun.jnu.encoding" value="UTF-8"/>
    <property name="java.class.path" value="/Users/sumitagnihotri/eclipse-workspace/inetBanking/target/test-classes:/Users/sumitagnihotri/eclipse-workspace/inetBanking/target/classes:/Users/sumitagnihotri/.m2/repository/org/testng/testng/7.4.0/testng-7.4.0.jar:/Users/sumitagnihotri/.m2/repository/com/beust/jcommander/1.78/jcommander-1.78.jar:/Users/sumitagnihotri/.m2/repository/org/webjars/jquery/3.5.1/jquery-3.5.1.jar:/Users/sumitagnihotri/.m2/repository/org/seleniumhq/selenium/selenium-java/3.141.59/selenium-java-3.141.59.jar:/Users/sumitagnihotri/.m2/repository/org/seleniumhq/selenium/selenium-api/3.141.59/selenium-api-3.141.59.jar:/Users/sumitagnihotri/.m2/repository/org/seleniumhq/selenium/selenium-chrome-driver/3.141.59/selenium-chrome-driver-3.141.59.jar:/Users/sumitagnihotri/.m2/repository/org/seleniumhq/selenium/selenium-edge-driver/3.141.59/selenium-edge-driver-3.141.59.jar:/Users/sumitagnihotri/.m2/repository/org/seleniumhq/selenium/selenium-firefox-driver/3.141.59/selenium-firefox-driver-3.141.59.jar:/Users/sumitagnihotri/.m2/repository/org/seleniumhq/selenium/selenium-ie-driver/3.141.59/selenium-ie-driver-3.141.59.jar:/Users/sumitagnihotri/.m2/repository/org/seleniumhq/selenium/selenium-opera-driver/3.141.59/selenium-opera-driver-3.141.59.jar:/Users/sumitagnihotri/.m2/repository/org/seleniumhq/selenium/selenium-remote-driver/3.141.59/selenium-remote-driver-3.141.59.jar:/Users/sumitagnihotri/.m2/repository/org/seleniumhq/selenium/selenium-safari-driver/3.141.59/selenium-safari-driver-3.141.59.jar:/Users/sumitagnihotri/.m2/repository/org/seleniumhq/selenium/selenium-support/3.141.59/selenium-support-3.141.59.jar:/Users/sumitagnihotri/.m2/repository/net/bytebuddy/byte-buddy/1.8.15/byte-buddy-1.8.15.jar:/Users/sumitagnihotri/.m2/repository/org/apache/commons/commons-exec/1.3/commons-exec-1.3.jar:/Users/sumitagnihotri/.m2/repository/com/google/guava/guava/25.0-jre/guava-25.0-jre.jar:/Users/sumitagnihotri/.m2/repository/com/google/code/findbugs/jsr305/1.3.9/jsr305-1.3.9.jar:/Users/sumitagnihotri/.m2/repository/org/checkerframework/checker-compat-qual/2.0.0/checker-compat-qual-2.0.0.jar:/Users/sumitagnihotri/.m2/repository/com/google/errorprone/error_prone_annotations/2.1.3/error_prone_annotations-2.1.3.jar:/Users/sumitagnihotri/.m2/repository/com/google/j2objc/j2objc-annotations/1.1/j2objc-annotations-1.1.jar:/Users/sumitagnihotri/.m2/repository/org/codehaus/mojo/animal-sniffer-annotations/1.14/animal-sniffer-annotations-1.14.jar:/Users/sumitagnihotri/.m2/repository/com/squareup/okhttp3/okhttp/3.11.0/okhttp-3.11.0.jar:/Users/sumitagnihotri/.m2/repository/com/squareup/okio/okio/1.14.0/okio-1.14.0.jar:/Users/sumitagnihotri/.m2/repository/io/github/bonigarcia/webdrivermanager/4.4.3/webdrivermanager-4.4.3.jar:/Users/sumitagnihotri/.m2/repository/org/slf4j/slf4j-api/1.7.30/slf4j-api-1.7.30.jar:/Users/sumitagnihotri/.m2/repository/commons-io/commons-io/2.8.0/commons-io-2.8.0.jar:/Users/sumitagnihotri/.m2/repository/com/google/code/gson/gson/2.8.6/gson-2.8.6.jar:/Users/sumitagnihotri/.m2/repository/org/apache/commons/commons-lang3/3.12.0/commons-lang3-3.12.0.jar:/Users/sumitagnihotri/.m2/repository/org/apache/httpcomponents/client5/httpclient5/5.0.3/httpclient5-5.0.3.jar:/Users/sumitagnihotri/.m2/repository/org/apache/httpcomponents/core5/httpcore5/5.0.2/httpcore5-5.0.2.jar:/Users/sumitagnihotri/.m2/repository/org/apache/httpcomponents/core5/httpcore5-h2/5.0.2/httpcore5-h2-5.0.2.jar:/Users/sumitagnihotri/.m2/repository/org/rauschig/jarchivelib/1.1.0/jarchivelib-1.1.0.jar:/Users/sumitagnihotri/.m2/repository/org/jsoup/jsoup/1.13.1/jsoup-1.13.1.jar:/Users/sumitagnihotri/.m2/repository/com/aventstack/extentreports/5.0.8/extentreports-5.0.8.jar:/Users/sumitagnihotri/.m2/repository/io/reactivex/rxjava3/rxjava/3.0.4/rxjava-3.0.4.jar:/Users/sumitagnihotri/.m2/repository/org/reactivestreams/reactive-streams/1.0.3/reactive-streams-1.0.3.jar:/Users/sumitagnihotri/.m2/repository/org/freemarker/freemarker/2.3.30/freemarker-2.3.30.jar:/Users/sumitagnihotri/.m2/repository/org/uncommons/reportng/1.1.4/reportng-1.1.4.jar:/Users/sumitagnihotri/.m2/repository/velocity/velocity/1.4/velocity-1.4.jar:/Users/sumitagnihotri/.m2/repository/velocity/velocity-dep/1.4/velocity-dep-1.4.jar:/Users/sumitagnihotri/.m2/repository/com/google/inject/guice/4.1.0/guice-4.1.0.jar:/Users/sumitagnihotri/.m2/repository/javax/inject/javax.inject/1/javax.inject-1.jar:/Users/sumitagnihotri/.m2/repository/aopalliance/aopalliance/1.0/aopalliance-1.0.jar:/Users/sumitagnihotri/.m2/repository/log4j/log4j/1.2.17/log4j-1.2.17.jar:/Users/sumitagnihotri/.m2/repository/javax/mail/mail/1.4.7/mail-1.4.7.jar:/Users/sumitagnihotri/.m2/repository/javax/activation/activation/1.1/activation-1.1.jar:/Users/sumitagnihotri/.m2/repository/mysql/mysql-connector-java/8.0.25/mysql-connector-java-8.0.25.jar:/Users/sumitagnihotri/.m2/repository/com/google/protobuf/protobuf-java/3.11.4/protobuf-java-3.11.4.jar:/Users/sumitagnihotri/.m2/repository/com/microsoft/sqlserver/mssql-jdbc/9.4.0.jre16/mssql-jdbc-9.4.0.jre16.jar:/Users/sumitagnihotri/.m2/repository/org/apache/poi/poi/4.1.1/poi-4.1.1.jar:/Users/sumitagnihotri/.m2/repository/commons-codec/commons-codec/1.13/commons-codec-1.13.jar:/Users/sumitagnihotri/.m2/repository/org/apache/commons/commons-collections4/4.4/commons-collections4-4.4.jar:/Users/sumitagnihotri/.m2/repository/org/apache/commons/commons-math3/3.6.1/commons-math3-3.6.1.jar:/Users/sumitagnihotri/.m2/repository/org/apache/poi/poi-ooxml/4.1.1/poi-ooxml-4.1.1.jar:/Users/sumitagnihotri/.m2/repository/org/apache/commons/commons-compress/1.19/commons-compress-1.19.jar:/Users/sumitagnihotri/.m2/repository/com/github/virtuald/curvesapi/1.06/curvesapi-1.06.jar:/Users/sumitagnihotri/.m2/repository/dom4j/dom4j/1.6.1/dom4j-1.6.1.jar:/Users/sumitagnihotri/.m2/repository/xml-apis/xml-apis/1.0.b2/xml-apis-1.0.b2.jar:/Users/sumitagnihotri/.m2/repository/org/apache/xmlbeans/xmlbeans/3.1.0/xmlbeans-3.1.0.jar:/Users/sumitagnihotri/.m2/repository/org/apache/poi/poi-ooxml-schemas/4.1.1/poi-ooxml-schemas-4.1.1.jar:/Users/sumitagnihotri/.m2/repository/org/projectlombok/lombok/1.18.20/lombok-1.18.20.jar:"/>
    <property name="java.vm.vendor" value="Azul Systems, Inc."/>
    <property name="sun.arch.data.model" value="64"/>
    <property name="java.vendor.url" value="http://www.azul.com/"/>
    <property name="user.timezone" value="Asia/Kolkata"/>
    <property name="java.vm.specification.version" value="11"/>
    <property name="os.name" value="Mac OS X"/>
    <property name="sun.java.launcher" value="SUN_STANDARD"/>
    <property name="user.country" value="IN"/>
    <property name="sun.boot.library.path" value="/Library/Java/JavaVirtualMachines/zulu-11.jdk/Contents/Home/lib"/>
    <property name="sun.java.command" value="/Users/sumitagnihotri/eclipse-workspace/inetBanking/target/surefire/surefirebooter9706545679440690101.jar /Users/sumitagnihotri/eclipse-workspace/inetBanking/target/surefire 2021-10-10T15-46-28_624-jvmRun1 surefire5730326266922937333tmp surefire_03445383762696425410tmp"/>
    <property name="http.nonProxyHosts" value="local|*.local|169.254/16|*.169.254/16"/>
    <property name="jdk.debug" value="release"/>
    <property name="surefire.test.class.path" value="/Users/sumitagnihotri/eclipse-workspace/inetBanking/target/test-classes:/Users/sumitagnihotri/eclipse-workspace/inetBanking/target/classes:/Users/sumitagnihotri/.m2/repository/org/testng/testng/7.4.0/testng-7.4.0.jar:/Users/sumitagnihotri/.m2/repository/com/beust/jcommander/1.78/jcommander-1.78.jar:/Users/sumitagnihotri/.m2/repository/org/webjars/jquery/3.5.1/jquery-3.5.1.jar:/Users/sumitagnihotri/.m2/repository/org/seleniumhq/selenium/selenium-java/3.141.59/selenium-java-3.141.59.jar:/Users/sumitagnihotri/.m2/repository/org/seleniumhq/selenium/selenium-api/3.141.59/selenium-api-3.141.59.jar:/Users/sumitagnihotri/.m2/repository/org/seleniumhq/selenium/selenium-chrome-driver/3.141.59/selenium-chrome-driver-3.141.59.jar:/Users/sumitagnihotri/.m2/repository/org/seleniumhq/selenium/selenium-edge-driver/3.141.59/selenium-edge-driver-3.141.59.jar:/Users/sumitagnihotri/.m2/repository/org/seleniumhq/selenium/selenium-firefox-driver/3.141.59/selenium-firefox-driver-3.141.59.jar:/Users/sumitagnihotri/.m2/repository/org/seleniumhq/selenium/selenium-ie-driver/3.141.59/selenium-ie-driver-3.141.59.jar:/Users/sumitagnihotri/.m2/repository/org/seleniumhq/selenium/selenium-opera-driver/3.141.59/selenium-opera-driver-3.141.59.jar:/Users/sumitagnihotri/.m2/repository/org/seleniumhq/selenium/selenium-remote-driver/3.141.59/selenium-remote-driver-3.141.59.jar:/Users/sumitagnihotri/.m2/repository/org/seleniumhq/selenium/selenium-safari-driver/3.141.59/selenium-safari-driver-3.141.59.jar:/Users/sumitagnihotri/.m2/repository/org/seleniumhq/selenium/selenium-support/3.141.59/selenium-support-3.141.59.jar:/Users/sumitagnihotri/.m2/repository/net/bytebuddy/byte-buddy/1.8.15/byte-buddy-1.8.15.jar:/Users/sumitagnihotri/.m2/repository/org/apache/commons/commons-exec/1.3/commons-exec-1.3.jar:/Users/sumitagnihotri/.m2/repository/com/google/guava/guava/25.0-jre/guava-25.0-jre.jar:/Users/sumitagnihotri/.m2/repository/com/google/code/findbugs/jsr305/1.3.9/jsr305-1.3.9.jar:/Users/sumitagnihotri/.m2/repository/org/checkerframework/checker-compat-qual/2.0.0/checker-compat-qual-2.0.0.jar:/Users/sumitagnihotri/.m2/repository/com/google/errorprone/error_prone_annotations/2.1.3/error_prone_annotations-2.1.3.jar:/Users/sumitagnihotri/.m2/repository/com/google/j2objc/j2objc-annotations/1.1/j2objc-annotations-1.1.jar:/Users/sumitagnihotri/.m2/repository/org/codehaus/mojo/animal-sniffer-annotations/1.14/animal-sniffer-annotations-1.14.jar:/Users/sumitagnihotri/.m2/repository/com/squareup/okhttp3/okhttp/3.11.0/okhttp-3.11.0.jar:/Users/sumitagnihotri/.m2/repository/com/squareup/okio/okio/1.14.0/okio-1.14.0.jar:/Users/sumitagnihotri/.m2/repository/io/github/bonigarcia/webdrivermanager/4.4.3/webdrivermanager-4.4.3.jar:/Users/sumitagnihotri/.m2/repository/org/slf4j/slf4j-api/1.7.30/slf4j-api-1.7.30.jar:/Users/sumitagnihotri/.m2/repository/commons-io/commons-io/2.8.0/commons-io-2.8.0.jar:/Users/sumitagnihotri/.m2/repository/com/google/code/gson/gson/2.8.6/gson-2.8.6.jar:/Users/sumitagnihotri/.m2/repository/org/apache/commons/commons-lang3/3.12.0/commons-lang3-3.12.0.jar:/Users/sumitagnihotri/.m2/repository/org/apache/httpcomponents/client5/httpclient5/5.0.3/httpclient5-5.0.3.jar:/Users/sumitagnihotri/.m2/repository/org/apache/httpcomponents/core5/httpcore5/5.0.2/httpcore5-5.0.2.jar:/Users/sumitagnihotri/.m2/repository/org/apache/httpcomponents/core5/httpcore5-h2/5.0.2/httpcore5-h2-5.0.2.jar:/Users/sumitagnihotri/.m2/repository/org/rauschig/jarchivelib/1.1.0/jarchivelib-1.1.0.jar:/Users/sumitagnihotri/.m2/repository/org/jsoup/jsoup/1.13.1/jsoup-1.13.1.jar:/Users/sumitagnihotri/.m2/repository/com/aventstack/extentreports/5.0.8/extentreports-5.0.8.jar:/Users/sumitagnihotri/.m2/repository/io/reactivex/rxjava3/rxjava/3.0.4/rxjava-3.0.4.jar:/Users/sumitagnihotri/.m2/repository/org/reactivestreams/reactive-streams/1.0.3/reactive-streams-1.0.3.jar:/Users/sumitagnihotri/.m2/repository/org/freemarker/freemarker/2.3.30/freemarker-2.3.30.jar:/Users/sumitagnihotri/.m2/repository/org/uncommons/reportng/1.1.4/reportng-1.1.4.jar:/Users/sumitagnihotri/.m2/repository/velocity/velocity/1.4/velocity-1.4.jar:/Users/sumitagnihotri/.m2/repository/velocity/velocity-dep/1.4/velocity-dep-1.4.jar:/Users/sumitagnihotri/.m2/repository/com/google/inject/guice/4.1.0/guice-4.1.0.jar:/Users/sumitagnihotri/.m2/repository/javax/inject/javax.inject/1/javax.inject-1.jar:/Users/sumitagnihotri/.m2/repository/aopalliance/aopalliance/1.0/aopalliance-1.0.jar:/Users/sumitagnihotri/.m2/repository/log4j/log4j/1.2.17/log4j-1.2.17.jar:/Users/sumitagnihotri/.m2/repository/javax/mail/mail/1.4.7/mail-1.4.7.jar:/Users/sumitagnihotri/.m2/repository/javax/activation/activation/1.1/activation-1.1.jar:/Users/sumitagnihotri/.m2/repository/mysql/mysql-connector-java/8.0.25/mysql-connector-java-8.0.25.jar:/Users/sumitagnihotri/.m2/repository/com/google/protobuf/protobuf-java/3.11.4/protobuf-java-3.11.4.jar:/Users/sumitagnihotri/.m2/repository/com/microsoft/sqlserver/mssql-jdbc/9.4.0.jre16/mssql-jdbc-9.4.0.jre16.jar:/Users/sumitagnihotri/.m2/repository/org/apache/poi/poi/4.1.1/poi-4.1.1.jar:/Users/sumitagnihotri/.m2/repository/commons-codec/commons-codec/1.13/commons-codec-1.13.jar:/Users/sumitagnihotri/.m2/repository/org/apache/commons/commons-collections4/4.4/commons-collections4-4.4.jar:/Users/sumitagnihotri/.m2/repository/org/apache/commons/commons-math3/3.6.1/commons-math3-3.6.1.jar:/Users/sumitagnihotri/.m2/repository/org/apache/poi/poi-ooxml/4.1.1/poi-ooxml-4.1.1.jar:/Users/sumitagnihotri/.m2/repository/org/apache/commons/commons-compress/1.19/commons-compress-1.19.jar:/Users/sumitagnihotri/.m2/repository/com/github/virtuald/curvesapi/1.06/curvesapi-1.06.jar:/Users/sumitagnihotri/.m2/repository/dom4j/dom4j/1.6.1/dom4j-1.6.1.jar:/Users/sumitagnihotri/.m2/repository/xml-apis/xml-apis/1.0.b2/xml-apis-1.0.b2.jar:/Users/sumitagnihotri/.m2/repository/org/apache/xmlbeans/xmlbeans/3.1.0/xmlbeans-3.1.0.jar:/Users/sumitagnihotri/.m2/repository/org/apache/poi/poi-ooxml-schemas/4.1.1/poi-ooxml-schemas-4.1.1.jar:/Users/sumitagnihotri/.m2/repository/org/projectlombok/lombok/1.18.20/lombok-1.18.20.jar:"/>
    <property name="sun.cpu.endian" value="little"/>
    <property name="user.home" value="/Users/sumitagnihotri"/>
    <property name="user.language" value="en"/>
    <property name="java.specification.vendor" value="Oracle Corporation"/>
    <property name="java.version.date" value="2021-07-20"/>
    <property name="java.home" value="/Library/Java/JavaVirtualMachines/zulu-11.jdk/Contents/Home"/>
    <property name="file.separator" value="/"/>
    <property name="basedir" value="/Users/sumitagnihotri/eclipse-workspace/inetBanking"/>
    <property name="java.vm.compressedOopsMode" value="Zero based"/>
    <property name="line.separator" value="&#10;"/>
    <property name="java.specification.name" value="Java Platform API Specification"/>
    <property name="java.vm.specification.vendor" value="Oracle Corporation"/>
    <property name="jdk.vendor.version" value="Zulu11.50+19-CA"/>
    <property name="java.awt.graphicsenv" value="sun.awt.CGraphicsEnvironment"/>
    <property name="surefire.real.class.path" value="/Users/sumitagnihotri/eclipse-workspace/inetBanking/target/surefire/surefirebooter9706545679440690101.jar"/>
    <property name="sun.management.compiler" value="HotSpot 64-Bit Tiered Compilers"/>
    <property name="ftp.nonProxyHosts" value="local|*.local|169.254/16|*.169.254/16"/>
    <property name="java.runtime.version" value="11.0.12+7-LTS"/>
    <property name="user.name" value="sumitagnihotri"/>
    <property name="path.separator" value=":"/>
    <property name="os.version" value="11.6"/>
    <property name="java.runtime.name" value="OpenJDK Runtime Environment"/>
    <property name="file.encoding" value="UTF-8"/>
    <property name="java.vm.name" value="OpenJDK 64-Bit Server VM"/>
    <property name="java.vendor.version" value="Zulu11.50+19-CA"/>
    <property name="localRepository" value="/Users/sumitagnihotri/.m2/repository"/>
    <property name="java.vendor.url.bug" value="http://www.azul.com/support/"/>
    <property name="java.io.tmpdir" value="/var/folders/fq/5m9l43v152d5wkcl3w0ky8p40000gn/T/"/>
    <property name="java.version" value="11.0.12"/>
    <property name="user.dir" value="/Users/sumitagnihotri/eclipse-workspace/inetBanking"/>
    <property name="os.arch" value="aarch64"/>
    <property name="java.vm.specification.name" value="Java Virtual Machine Specification"/>
    <property name="java.awt.printerjob" value="sun.lwawt.macosx.CPrinterJob"/>
    <property name="sun.os.patch.level" value="unknown"/>
    <property name="java.library.path" value="/Users/sumitagnihotri/Library/Java/Extensions:/Library/Java/Extensions:/Network/Library/Java/Extensions:/System/Library/Java/Extensions:/usr/lib/java:."/>
    <property name="java.vm.info" value="mixed mode"/>
    <property name="java.vendor" value="Azul Systems, Inc."/>
    <property name="java.vm.version" value="11.0.12+7-LTS"/>
    <property name="sun.io.unicode.encoding" value="UnicodeBig"/>
    <property name="java.class.version" value="55.0"/>
    <property name="socksNonProxyHosts" value="local|*.local|169.254/16|*.169.254/16"/>
  </properties>
  <testcase name="loginTest[{password=rapYjaz, username=mngr357508}](1)" classname="com.inetbanking.testcases.LoginTest" time="5.483">
    <system-err><![CDATA[SLF4J: Failed to load class "org.slf4j.impl.StaticLoggerBinder".
SLF4J: Defaulting to no-operation (NOP) logger implementation
SLF4J: See http://www.slf4j.org/codes.html#StaticLoggerBinder for further details.
Starting ChromeDriver 94.0.4606.61 (418b78f5838ed0b1c69bb4e51ea0252171854915-refs/branch-heads/4606@{#1204}) on port 31639
Only local connections are allowed.
Please see https://chromedriver.chromium.org/security-considerations for suggestions on keeping ChromeDriver safe.
ChromeDriver was started successfully.
Oct 10, 2021 3:46:35 PM org.openqa.selenium.remote.ProtocolHandshake createSession
INFO: Detected dialect: W3C
]]></system-err>
  </testcase>
  <testcase name="loginTest[{password=rapYjaz, username=mngr357508}](2)" classname="com.inetbanking.testcases.LoginTest" time="3.839"/>
  <testcase name="addNewCustomerTest" classname="com.inetbanking.testcases.AddNewCustomerTest" time="4.763">
    <system-err><![CDATA[Starting ChromeDriver 94.0.4606.61 (418b78f5838ed0b1c69bb4e51ea0252171854915-refs/branch-heads/4606@{#1204}) on port 24611
Only local connections are allowed.
Please see https://chromedriver.chromium.org/security-considerations for suggestions on keeping ChromeDriver safe.
ChromeDriver was started successfully.
Oct 10, 2021 3:46:51 PM org.openqa.selenium.remote.ProtocolHandshake createSession
INFO: Detected dialect: W3C
]]></system-err>
  </testcase>
</testsuite>