<?xml version="1.0" encoding="UTF-8"?>
<!-- Generated by org.testng.reporters.JUnitReportReporter -->
<testsuite hostname="Sumits-MacBook-Air.local" failures="0" tests="1" name="com.inetbanking.testcases.AddNewCustomerTest" time="4.972" errors="0" timestamp="2021-10-07T22:40:44 IST" skipped="0">
  <testcase classname="com.inetbanking.testcases.AddNewCustomerTest" name="addNewCustomerTest" time="4.972"/>
  <system-out/>
</testsuite> <!-- com.inetbanking.testcases.AddNewCustomerTest -->
