<?xml version="1.0" encoding="UTF-8"?>
<!-- Generated by org.testng.reporters.JUnitReportReporter -->
<testsuite hostname="Sumits-MacBook-Air.local" failures="0" tests="2" name="com.inetbanking.testcases.LoginTest" time="9.328" errors="0" timestamp="2021-10-10T15:46:58 IST" skipped="0">
  <testcase classname="com.inetbanking.testcases.LoginTest" name="loginTest" time="3.839"/>
  <system-out/>
  <testcase classname="com.inetbanking.testcases.LoginTest" name="loginTest" time="5.489"/>
  <system-out/>
</testsuite> <!-- com.inetbanking.testcases.LoginTest -->
